2019-09-30 22:54:54,278 INFO org.springframework.boot.StartupInfoLogger [main] Starting SpringMarketApplication on DESKTOP-SOC7DPJ with PID 5648 (D:\IdeaProjects\spring2new\target\classes started by mzhel in D:\IdeaProjects\spring2new)
2019-09-30 22:54:54,282 DEBUG org.springframework.boot.StartupInfoLogger [main] Running with Spring Boot v2.1.2.RELEASE, Spring v5.1.4.RELEASE
2019-09-30 22:54:54,282 INFO org.springframework.boot.SpringApplication [main] No active profile set, falling back to default profiles: default
2019-09-30 22:54:55,177 INFO org.springframework.data.repository.config.RepositoryConfigurationDelegate [main] Bootstrapping Spring Data repositories in DEFAULT mode.
2019-09-30 22:54:55,261 INFO org.springframework.data.repository.config.RepositoryConfigurationDelegate [main] Finished Spring Data repository scanning in 77ms. Found 7 repository interfaces.
2019-09-30 22:54:55,596 INFO org.springframework.context.support.PostProcessorRegistrationDelegate$BeanPostProcessorChecker [main] Bean 'org.springframework.transaction.annotation.ProxyTransactionManagementConfiguration' of type [org.springframework.transaction.annotation.ProxyTransactionManagementConfiguration$$EnhancerBySpringCGLIB$$75782c8e] is not eligible for getting processed by all BeanPostProcessors (for example: not eligible for auto-proxying)
2019-09-30 22:54:55,625 INFO org.springframework.context.support.PostProcessorRegistrationDelegate$BeanPostProcessorChecker [main] Bean 'org.springframework.security.config.annotation.configuration.ObjectPostProcessorConfiguration' of type [org.springframework.security.config.annotation.configuration.ObjectPostProcessorConfiguration$$EnhancerBySpringCGLIB$$e25f4c8] is not eligible for getting processed by all BeanPostProcessors (for example: not eligible for auto-proxying)
2019-09-30 22:54:55,629 INFO org.springframework.context.support.PostProcessorRegistrationDelegate$BeanPostProcessorChecker [main] Bean 'objectPostProcessor' of type [org.springframework.security.config.annotation.configuration.AutowireBeanFactoryObjectPostProcessor] is not eligible for getting processed by all BeanPostProcessors (for example: not eligible for auto-proxying)
2019-09-30 22:54:55,630 INFO org.springframework.context.support.PostProcessorRegistrationDelegate$BeanPostProcessorChecker [main] Bean 'org.springframework.security.access.expression.method.DefaultMethodSecurityExpressionHandler@33abde31' of type [org.springframework.security.access.expression.method.DefaultMethodSecurityExpressionHandler] is not eligible for getting processed by all BeanPostProcessors (for example: not eligible for auto-proxying)
2019-09-30 22:54:55,633 INFO org.springframework.context.support.PostProcessorRegistrationDelegate$BeanPostProcessorChecker [main] Bean 'org.springframework.security.config.annotation.method.configuration.GlobalMethodSecurityConfiguration' of type [org.springframework.security.config.annotation.method.configuration.GlobalMethodSecurityConfiguration$$EnhancerBySpringCGLIB$$32fa977a] is not eligible for getting processed by all BeanPostProcessors (for example: not eligible for auto-proxying)
2019-09-30 22:54:55,637 INFO org.springframework.context.support.PostProcessorRegistrationDelegate$BeanPostProcessorChecker [main] Bean 'methodSecurityMetadataSource' of type [org.springframework.security.access.method.DelegatingMethodSecurityMetadataSource] is not eligible for getting processed by all BeanPostProcessors (for example: not eligible for auto-proxying)
2019-09-30 22:54:56,143 INFO org.springframework.boot.web.embedded.tomcat.TomcatWebServer [main] Tomcat initialized with port(s): 8189 (http)
2019-09-30 22:54:56,159 INFO org.apache.juli.logging.DirectJDKLog [main] Initializing ProtocolHandler ["http-nio-8189"]
2019-09-30 22:54:56,167 INFO org.apache.juli.logging.DirectJDKLog [main] Starting service [Tomcat]
2019-09-30 22:54:56,167 INFO org.apache.juli.logging.DirectJDKLog [main] Starting Servlet engine: [Apache Tomcat/9.0.14]
2019-09-30 22:54:56,175 INFO org.apache.juli.logging.DirectJDKLog [main] The APR based Apache Tomcat Native library which allows optimal performance in production environments was not found on the java.library.path: [D:\Program Files\Java\jdk1.8.0_201\bin;C:\WINDOWS\Sun\Java\bin;C:\WINDOWS\system32;C:\WINDOWS;C:\ProgramData\Oracle\Java\javapath;C:\Program Files (x86)\Common Files\Oracle\Java\javapath;C:\Windows\system32;C:\Windows;C:\Windows\System32\Wbem;C:\Windows\System32\WindowsPowerShell\v1.0\;C:\Windows\System32\OpenSSH\;C:\Program Files (x86)\NVIDIA Corporation\PhysX\Common;D:\Program Files\PuTTY\;D:\Program Files\nodejs\;C:\Program Files\NVIDIA Corporation\NVIDIA NvDLISR;C:\WINDOWS\system32;C:\WINDOWS;C:\WINDOWS\System32\Wbem;C:\WINDOWS\System32\WindowsPowerShell\v1.0\;C:\WINDOWS\System32\OpenSSH\;C:\Program Files\Git\cmd;C:\Users\mzhel\AppData\Local\Microsoft\WindowsApps;D:\Program Files\JetBrains\IntelliJ IDEA 2018.3.4\bin;;C:\Users\mzhel\AppData\Roaming\npm;D:\Program Files\maven\\bin;D:\Program Files\Haulmont\CUBA Studio 2019.1\bin;;D:\Program Files\Java\jdk1.8.0_201\bin;;.]
2019-09-30 22:54:56,269 INFO org.apache.juli.logging.DirectJDKLog [main] Initializing Spring embedded WebApplicationContext
2019-09-30 22:54:56,269 INFO org.springframework.boot.web.servlet.context.ServletWebServerApplicationContext [main] Root WebApplicationContext: initialization completed in 1950 ms
2019-09-30 22:54:56,404 INFO org.flywaydb.core.internal.logging.slf4j.Slf4jLog [main] Flyway Community Edition 5.2.1 by Boxfuse
2019-09-30 22:54:56,413 INFO com.zaxxer.hikari.HikariDataSource [main] HikariPool-1 - Starting...
2019-09-30 22:54:56,521 INFO com.zaxxer.hikari.HikariDataSource [main] HikariPool-1 - Start completed.
2019-09-30 22:54:56,524 INFO org.flywaydb.core.internal.logging.slf4j.Slf4jLog [main] Database: jdbc:mysql://localhost:3306/spring_market (MySQL 8.0)
2019-09-30 22:54:56,604 INFO org.flywaydb.core.internal.logging.slf4j.Slf4jLog [main] Successfully validated 1 migration (execution time 00:00.038s)
2019-09-30 22:54:56,614 INFO org.flywaydb.core.internal.logging.slf4j.Slf4jLog [main] Current version of schema `spring_market`: 1
2019-09-30 22:54:56,615 INFO org.flywaydb.core.internal.logging.slf4j.Slf4jLog [main] Schema `spring_market` is up to date. No migration necessary.
2019-09-30 22:54:56,726 INFO org.hibernate.jpa.internal.util.LogHelper [main] HHH000204: Processing PersistenceUnitInfo [
	name: default
	...]
2019-09-30 22:54:56,811 INFO org.hibernate.Version [main] HHH000412: Hibernate Core {5.3.7.Final}
2019-09-30 22:54:56,812 INFO org.hibernate.cfg.Environment [main] HHH000206: hibernate.properties not found
2019-09-30 22:54:56,976 INFO org.hibernate.annotations.common.reflection.java.JavaReflectionManager [main] HCANN000001: Hibernate Commons Annotations {5.0.4.Final}
2019-09-30 22:54:57,137 INFO org.hibernate.dialect.Dialect [main] HHH000400: Using dialect: org.hibernate.dialect.MySQL5Dialect
2019-09-30 22:54:57,839 INFO org.springframework.orm.jpa.AbstractEntityManagerFactoryBean [main] Initialized JPA EntityManagerFactory for persistence unit 'default'
2019-09-30 22:54:58,636 INFO org.springframework.security.web.DefaultSecurityFilterChain [main] Creating filter chain: any request, [org.springframework.security.web.context.request.async.WebAsyncManagerIntegrationFilter@3cad24ae, org.springframework.security.web.context.SecurityContextPersistenceFilter@62883f8a, org.springframework.security.web.header.HeaderWriterFilter@13ee97af, org.springframework.security.web.csrf.CsrfFilter@40863800, org.springframework.security.web.authentication.logout.LogoutFilter@4c41a177, org.springframework.security.web.authentication.UsernamePasswordAuthenticationFilter@4392362c, org.springframework.security.web.savedrequest.RequestCacheAwareFilter@6e49b011, org.springframework.security.web.servletapi.SecurityContextHolderAwareRequestFilter@5310e451, org.springframework.security.web.authentication.AnonymousAuthenticationFilter@58021c3c, org.springframework.security.web.session.SessionManagementFilter@341ccfd1, org.springframework.security.web.access.ExceptionTranslationFilter@5a7e81, org.springframework.security.web.access.intercept.FilterSecurityInterceptor@7c3c3d67]
2019-09-30 22:54:58,790 INFO org.springframework.scheduling.concurrent.ExecutorConfigurationSupport [main] Initializing ExecutorService 'applicationTaskExecutor'
2019-09-30 22:54:58,831 WARN org.springframework.boot.autoconfigure.orm.jpa.JpaBaseConfiguration$JpaWebConfiguration$JpaWebMvcConfiguration [main] spring.jpa.open-in-view is enabled by default. Therefore, database queries may be performed during view rendering. Explicitly configure spring.jpa.open-in-view to disable this warning
2019-09-30 22:54:58,903 INFO org.springframework.boot.autoconfigure.web.servlet.WelcomePageHandlerMapping [main] Adding welcome page template: index
2019-09-30 22:54:59,034 INFO org.apache.juli.logging.DirectJDKLog [main] Starting ProtocolHandler ["http-nio-8189"]
2019-09-30 22:54:59,053 INFO org.springframework.boot.web.embedded.tomcat.TomcatWebServer [main] Tomcat started on port(s): 8189 (http) with context path '/springmarket'
2019-09-30 22:54:59,055 INFO org.springframework.boot.StartupInfoLogger [main] Started SpringMarketApplication in 5.032 seconds (JVM running for 5.533)
